[35m[1mScanning dependencies of target return_path_planner[0m
[ 50%] [32mBuilding CXX object CMakeFiles/return_path_planner.dir/src/return_path_planner.cpp.o[0m
[01m[K/home/yc/catkin_ws/src/return_path_planner/src/return_path_planner.cpp:[m[K In function â€˜[01m[Kbool make_return_path(std::vector<LPP::stGlobalPath>, std::vector<LPP::stWaypointList>, std::vector<LPP::stWwaypointObstractRelation>, std::vector<LPP::stStationMaster>, std::vector<LPP::stStaticObst>, LPP::stGlobalPath)[m[Kâ€™:
[01m[K/home/yc/catkin_ws/src/return_path_planner/src/return_path_planner.cpp:30:9:[m[K [01;31m[Kerror: [m[Kâ€˜[01m[Kcalc_return_path[m[Kâ€™ was not declared in this scope
         [01;31m[Kcalc_return_path[m[K(globalPathList, agf_pos, r0, center_pos, return_path);
         [01;31m[K^~~~~~~~~~~~~~~~[m[K
[01m[K/home/yc/catkin_ws/src/return_path_planner/src/return_path_planner.cpp:30:9:[m[K [01;36m[Knote: [m[Ksuggested alternative: â€˜[01m[Kmake_return_path[m[Kâ€™
         [01;36m[Kcalc_return_path[m[K(globalPathList, agf_pos, r0, center_pos, return_path);
         [01;36m[K^~~~~~~~~~~~~~~~[m[K
         [32m[Kmake_return_path[m[K
[01m[K/home/yc/catkin_ws/src/return_path_planner/src/return_path_planner.cpp:[m[K In function â€˜[01m[Kint main(int, char**)[m[Kâ€™:
[01m[K/home/yc/catkin_ws/src/return_path_planner/src/return_path_planner.cpp:203:54:[m[K [01;31m[Kerror: [m[Kâ€˜[01m[KString[m[Kâ€™ is not a member of â€˜[01m[Kstd_msgs[m[Kâ€™
   ros::Publisher local_path = nh.advertise<std_msgs::[01;31m[KString[m[K>("chatter", 10);
                                                      [01;31m[K^~~~~~[m[K
[01m[K/home/yc/catkin_ws/src/return_path_planner/src/return_path_planner.cpp:203:54:[m[K [01;31m[Kerror: [m[Kâ€˜[01m[KString[m[Kâ€™ is not a member of â€˜[01m[Kstd_msgs[m[Kâ€™
[01m[K/home/yc/catkin_ws/src/return_path_planner/src/return_path_planner.cpp:203:75:[m[K [01;31m[Kerror: [m[Kno matching function for call to â€˜[01m[Kros::NodeHandle::advertise<<expression error> >(const char [8], int)[m[Kâ€™
   ros::Publisher local_path = nh.advertise<std_msgs::String>("chatter", 10[01;31m[K)[m[K;
                                                                           [01;31m[K^[m[K
In file included from [01m[K/opt/ros/melodic/include/ros/ros.h:45:0[m[K,
                 from [01m[K/home/yc/catkin_ws/src/return_path_planner/src/return_path_planner_type.h:1[m[K,
                 from [01m[K/home/yc/catkin_ws/src/return_path_planner/src/return_path_planner.h:2[m[K,
                 from [01m[K/home/yc/catkin_ws/src/return_path_planner/src/return_path_planner.cpp:1[m[K:
[01m[K/opt/ros/melodic/include/ros/node_handle.h:249:15:[m[K [01;36m[Knote: [m[Kcandidate: template<class M> ros::Publisher ros::NodeHandle::advertise(const string&, uint32_t, bool)
     Publisher [01;36m[Kadvertise[m[K(const std::string& topic, uint32_t queue_size, bool latch = false)
               [01;36m[K^~~~~~~~~[m[K
[01m[K/opt/ros/melodic/include/ros/node_handle.h:249:15:[m[K [01;36m[Knote: [m[K  template argument deduction/substitution failed:
[01m[K/home/yc/catkin_ws/src/return_path_planner/src/return_path_planner.cpp:203:75:[m[K [01;31m[Kerror: [m[Ktemplate argument 1 is invalid
   ros::Publisher local_path = nh.advertise<std_msgs::String>("chatter", 10[01;31m[K)[m[K;
                                                                           [01;31m[K^[m[K
In file included from [01m[K/opt/ros/melodic/include/ros/ros.h:45:0[m[K,
                 from [01m[K/home/yc/catkin_ws/src/return_path_planner/src/return_path_planner_type.h:1[m[K,
                 from [01m[K/home/yc/catkin_ws/src/return_path_planner/src/return_path_planner.h:2[m[K,
                 from [01m[K/home/yc/catkin_ws/src/return_path_planner/src/return_path_planner.cpp:1[m[K:
[01m[K/opt/ros/melodic/include/ros/node_handle.h:315:13:[m[K [01;36m[Knote: [m[Kcandidate: template<class M> ros::Publisher ros::NodeHandle::advertise(const string&, uint32_t, const SubscriberStatusCallback&, const SubscriberStatusCallback&, const VoidConstPtr&, bool)
   Publisher [01;36m[Kadvertise[m[K(const std::string& topic, uint32_t queue_size,
             [01;36m[K^~~~~~~~~[m[K
[01m[K/opt/ros/melodic/include/ros/node_handle.h:315:13:[m[K [01;36m[Knote: [m[K  template argument deduction/substitution failed:
[01m[K/home/yc/catkin_ws/src/return_path_planner/src/return_path_planner.cpp:203:75:[m[K [01;31m[Kerror: [m[Ktemplate argument 1 is invalid
   ros::Publisher local_path = nh.advertise<std_msgs::String>("chatter", 10[01;31m[K)[m[K;
                                                                           [01;31m[K^[m[K
[01m[K/home/yc/catkin_ws/src/return_path_planner/src/return_path_planner.cpp:208:15:[m[K [01;31m[Kerror: [m[Kâ€˜[01m[KString[m[Kâ€™ is not a member of â€˜[01m[Kstd_msgs[m[Kâ€™
     std_msgs::[01;31m[KString[m[K msg;
               [01;31m[K^~~~~~[m[K
[01m[K/home/yc/catkin_ws/src/return_path_planner/src/return_path_planner.cpp:209:5:[m[K [01;31m[Kerror: [m[Kâ€˜[01m[Kmsg[m[Kâ€™ was not declared in this scope
     [01;31m[Kmsg[m[K.data = "hello world!";
     [01;31m[K^~~[m[K
[01m[K/home/yc/catkin_ws/src/return_path_planner/src/return_path_planner.cpp:211:5:[m[K [01;31m[Kerror: [m[Kâ€˜[01m[Kchatter_pub[m[Kâ€™ was not declared in this scope
     [01;31m[Kchatter_pub[m[K.publish(msg);
     [01;31m[K^~~~~~~~~~~[m[K
CMakeFiles/return_path_planner.dir/build.make:62: recipe for target 'CMakeFiles/return_path_planner.dir/src/return_path_planner.cpp.o' failed
CMakeFiles/Makefile2:419: recipe for target 'CMakeFiles/return_path_planner.dir/all' failed
Makefile:140: recipe for target 'all' failed
make[2]: *** [CMakeFiles/return_path_planner.dir/src/return_path_planner.cpp.o] Error 1
make[1]: *** [CMakeFiles/return_path_planner.dir/all] Error 2
make: *** [all] Error 2
